2023-01-28 00:20:11,447 INFO  [Log] ********************************** 
2023-01-28 00:20:11,447 INFO  [Log] ***************************************** 
2023-01-28 00:20:11,447 INFO  [Log] ############   My first test case is Login test ################ 
2023-01-28 00:20:11,447 INFO  [Log] ********************************** 
2023-01-28 00:20:11,447 INFO  [Log] ***************************************** 
2023-01-28 00:20:11,447 INFO  [Log] My login test is going on 
2023-01-28 00:20:11,447 INFO  [Log] My test case might be failed 
2023-01-28 00:20:23,795 INFO  [Log] ********************************** 
2023-01-28 00:20:23,795 INFO  [Log] ***************************************** 
2023-01-28 00:20:23,795 INFO  [Log] ############   My first test case is Login test ################ 
2023-01-28 00:20:23,795 INFO  [Log] ********************************** 
2023-01-28 00:20:23,795 INFO  [Log] ***************************************** 
2023-01-28 00:20:23,795 INFO  [Log] My login test is going on 
2023-01-28 00:20:23,795 INFO  [Log] My test case might be failed 
2023-01-28 00:20:36,274 INFO  [Log] ********************************** 
2023-01-28 00:20:36,274 INFO  [Log] ***************************************** 
2023-01-28 00:20:36,274 INFO  [Log] ############   My first test case is Login test ################ 
2023-01-28 00:20:36,274 INFO  [Log] ********************************** 
2023-01-28 00:20:36,274 INFO  [Log] ***************************************** 
2023-01-28 00:20:36,274 INFO  [Log] My login test is going on 
2023-01-28 00:20:36,274 INFO  [Log] My test case might be failed 
2023-01-28 00:20:48,447 INFO  [Log] ********************************** 
2023-01-28 00:20:48,447 INFO  [Log] ***************************************** 
2023-01-28 00:20:48,447 INFO  [Log] ############   My first test case is Login test ################ 
2023-01-28 00:20:48,447 INFO  [Log] ********************************** 
2023-01-28 00:20:48,447 INFO  [Log] ***************************************** 
2023-01-28 00:20:48,447 INFO  [Log] My login test is going on 
2023-01-28 00:20:48,447 INFO  [Log] My test case might be failed 
2023-01-28 00:20:52,372 INFO  [Log] ********************************** 
2023-01-28 00:20:52,372 INFO  [Log] ***************************************** 
2023-01-28 00:20:52,372 INFO  [Log] ############   My first test case is Login test ################ 
2023-01-28 00:20:52,372 INFO  [Log] ********************************** 
2023-01-28 00:20:52,372 INFO  [Log] ***************************************** 
2023-01-28 00:20:52,372 INFO  [Log] My login test is going on 
2023-01-28 00:20:52,372 INFO  [Log] My test case might be failed 
2023-01-28 00:20:56,727 INFO  [Log] ********************************** 
2023-01-28 00:20:56,727 INFO  [Log] ***************************************** 
2023-01-28 00:20:56,727 INFO  [Log] ############   My first test case is Login test ################ 
2023-01-28 00:20:56,727 INFO  [Log] ********************************** 
2023-01-28 00:20:56,727 INFO  [Log] ***************************************** 
2023-01-28 00:20:56,727 INFO  [Log] My login test is going on 
2023-01-28 00:20:56,727 INFO  [Log] My test case might be failed 
2023-01-28 00:23:29,639 INFO  [Log] ********************************** 
2023-01-28 00:23:29,639 INFO  [Log] ***************************************** 
2023-01-28 00:23:29,639 INFO  [Log] ############   My first test case is Login test ################ 
2023-01-28 00:23:29,639 INFO  [Log] ********************************** 
2023-01-28 00:23:29,640 INFO  [Log] ***************************************** 
2023-01-28 00:23:29,640 INFO  [Log] My login test is going on 
2023-01-28 00:23:29,640 INFO  [Log] My test case might be failed 
2023-01-28 00:23:42,980 INFO  [Log] ********************************** 
2023-01-28 00:23:42,980 INFO  [Log] ***************************************** 
2023-01-28 00:23:42,980 INFO  [Log] ############   My first test case is Login test ################ 
2023-01-28 00:23:42,980 INFO  [Log] ********************************** 
2023-01-28 00:23:42,980 INFO  [Log] ***************************************** 
2023-01-28 00:23:42,980 INFO  [Log] My login test is going on 
2023-01-28 00:23:42,980 INFO  [Log] My test case might be failed 
2023-01-28 00:24:35,289 INFO  [Log] ********************************** 
2023-01-28 00:24:35,289 INFO  [Log] ***************************************** 
2023-01-28 00:24:35,289 INFO  [Log] ############   My first test case is Login test ################ 
2023-01-28 00:24:35,289 INFO  [Log] ********************************** 
2023-01-28 00:24:35,289 INFO  [Log] ***************************************** 
2023-01-28 00:24:35,289 INFO  [Log] My login test is going on 
2023-01-28 00:24:35,289 INFO  [Log] My test case might be failed 
2023-01-28 00:24:48,656 INFO  [Log] ********************************** 
2023-01-28 00:24:48,657 INFO  [Log] ***************************************** 
2023-01-28 00:24:48,658 INFO  [Log] ############   My first test case is Login test ################ 
2023-01-28 00:24:48,658 INFO  [Log] ********************************** 
2023-01-28 00:24:48,658 INFO  [Log] ***************************************** 
2023-01-28 00:24:48,658 INFO  [Log] My login test is going on 
2023-01-28 00:24:48,658 INFO  [Log] My test case might be failed 
2023-01-28 00:33:16,120 INFO  [Log] ********************************** 
2023-01-28 00:33:16,121 INFO  [Log] ***************************************** 
2023-01-28 00:33:16,121 INFO  [Log] ############   My first test case is Login test ################ 
2023-01-28 00:33:16,121 INFO  [Log] ********************************** 
2023-01-28 00:33:16,121 INFO  [Log] ***************************************** 
2023-01-28 00:33:16,121 INFO  [Log] My login test is going on 
2023-01-28 00:33:16,121 INFO  [Log] My test case might be failed 
2023-01-28 00:33:20,471 INFO  [Log] ********************************** 
2023-01-28 00:33:20,471 INFO  [Log] ***************************************** 
2023-01-28 00:33:20,471 INFO  [Log] ############   My first test case is Login test ################ 
2023-01-28 00:33:20,471 INFO  [Log] ********************************** 
2023-01-28 00:33:20,471 INFO  [Log] ***************************************** 
2023-01-28 00:33:20,471 INFO  [Log] My login test is going on 
2023-01-28 00:33:20,471 INFO  [Log] My test case might be failed 
